Arguments: 
  /Users/garenzhang/.nvm/versions/node/v11.0.0/bin/node /usr/local/Cellar/yarn/1.13.0/libexec/bin/yarn.js add react classNames --save-dev

PATH: 
  /Users/garenzhang/.nvm/versions/node/v11.0.0/bin:/usr/local/bin:/usr/bin:/bin:/usr/sbin:/sbin:/etc/sonnar-scanner/bin

Yarn version: 
  1.13.0

Node version: 
  11.0.0

Platform: 
  darwin x64

Trace: 
  Error: https://registry.npm.taobao.org/classNames: Not found
      at Request.params.callback [as _callback] (/usr/local/Cellar/yarn/1.13.0/libexec/lib/cli.js:66255:18)
      at Request.self.callback (/usr/local/Cellar/yarn/1.13.0/libexec/lib/cli.js:129397:22)
      at Request.emit (events.js:182:13)
      at Request.<anonymous> (/usr/local/Cellar/yarn/1.13.0/libexec/lib/cli.js:130369:10)
      at Request.emit (events.js:182:13)
      at IncomingMessage.<anonymous> (/usr/local/Cellar/yarn/1.13.0/libexec/lib/cli.js:130291:12)
      at Object.onceWrapper (events.js:273:13)
      at IncomingMessage.emit (events.js:187:15)
      at endReadableNT (_stream_readable.js:1094:12)
      at process.internalTickCallback (internal/process/next_tick.js:72:19)

npm manifest: 
  {
    "name": "skeleton-plugin",
    "version": "1.0.0",
    "description": " better loading effect",
    "main": "index.js",
    "scripts": {
      "test": "echo \"Error: no test specified\" && exit 1"
    },
    "keywords": [
      "skeleton",
      "react"
    ],
    "author": "Garen",
    "license": "ISC"
  }

yarn manifest: 
  No manifest

Lockfile: 
  No lockfile
